0 info it worked if it ends with ok
1 verbose cli [ '/usr/local/bin/node',
1 verbose cli   '/usr/local/bin/npm',
1 verbose cli   'version',
1 verbose cli   'patch' ]
2 info using npm@3.6.0
3 info using node@v5.6.0
4 info git [ 'status', '--porcelain' ]
5 info lifecycle tui2tone/markdown-it-attrs@0.6.5~preversion: tui2tone/markdown-it-attrs@0.6.5
6 verbose lifecycle tui2tone/markdown-it-attrs@0.6.5~preversion: unsafe-perm in lifecycle true
7 verbose lifecycle tui2tone/markdown-it-attrs@0.6.5~preversion: PATH: /usr/local/lib/node_modules/npm/bin/node-gyp-bin:/Users/tui2tone/Documents/workspace/tui2tone/fork/markdown-it-attrs/node_modules/.bin:/usr/local/sbin:/Library/Frameworks/Python.framework/Versions/3.5/bin:/Users/tui2tone/Library/Android/sdk/platform-tools:/Library/Frameworks/Python.framework/Versions/2.7/bin:/Users/tui2tone/.rvm/gems/ruby-2.2.1/bin:/Users/tui2tone/.rvm/gems/ruby-2.2.1@global/bin:/Users/tui2tone/.rvm/rubies/ruby-2.2.1/bin:/usr/local/bin:/usr/bin:/bin:/usr/sbin:/sbin:/usr/local/git/bin:/usr/local/go/bin:/opt/ImageMagick/bin:/Users/tui2tone/.rvm/bin
8 verbose lifecycle tui2tone/markdown-it-attrs@0.6.5~preversion: CWD: /Users/tui2tone/Documents/workspace/tui2tone/fork/markdown-it-attrs
9 silly lifecycle tui2tone/markdown-it-attrs@0.6.5~preversion: Args: [ '-c',
9 silly lifecycle   'mocha && npm run browser && git add markdown-it-attrs.browser.js' ]
10 silly lifecycle tui2tone/markdown-it-attrs@0.6.5~preversion: Returned: code: 1  signal: null
11 info lifecycle tui2tone/markdown-it-attrs@0.6.5~preversion: Failed to exec preversion script
12 verbose stack Error: tui2tone/markdown-it-attrs@0.6.5 preversion: `mocha && npm run browser && git add markdown-it-attrs.browser.js`
12 verbose stack Exit status 1
12 verbose stack     at EventEmitter.<anonymous> (/usr/local/lib/node_modules/npm/lib/utils/lifecycle.js:232:16)
12 verbose stack     at emitTwo (events.js:100:13)
12 verbose stack     at EventEmitter.emit (events.js:185:7)
12 verbose stack     at ChildProcess.<anonymous> (/usr/local/lib/node_modules/npm/lib/utils/spawn.js:24:14)
12 verbose stack     at emitTwo (events.js:100:13)
12 verbose stack     at ChildProcess.emit (events.js:185:7)
12 verbose stack     at maybeClose (internal/child_process.js:827:16)
12 verbose stack     at Process.ChildProcess._handle.onexit (internal/child_process.js:211:5)
13 verbose pkgid tui2tone/markdown-it-attrs@0.6.5
14 verbose cwd /Users/tui2tone/Documents/workspace/tui2tone/fork/markdown-it-attrs
15 error Darwin 15.6.0
16 error argv "/usr/local/bin/node" "/usr/local/bin/npm" "version" "patch"
17 error node v5.6.0
18 error npm  v3.6.0
19 error code ELIFECYCLE
20 error tui2tone/markdown-it-attrs@0.6.5 preversion: `mocha && npm run browser && git add markdown-it-attrs.browser.js`
20 error Exit status 1
21 error Failed at the tui2tone/markdown-it-attrs@0.6.5 preversion script 'mocha && npm run browser && git add markdown-it-attrs.browser.js'.
21 error Make sure you have the latest version of node.js and npm installed.
21 error If you do, this is most likely a problem with the tui2tone/markdown-it-attrs package,
21 error not with npm itself.
21 error Tell the author that this fails on your system:
21 error     mocha && npm run browser && git add markdown-it-attrs.browser.js
21 error You can get information on how to open an issue for this project with:
21 error     npm bugs tui2tone/markdown-it-attrs
21 error Or if that isn't available, you can get their info via:
21 error     npm owner ls tui2tone/markdown-it-attrs
21 error There is likely additional logging output above.
22 verbose exit [ 1, true ]
